[2018-09-16 18:37:37.775] [DEBUG] FabricConfiguration - Msp ID : Org1MSP
[2018-09-16 18:37:37.785] [DEBUG] FabricConfiguration - Msp ID : Org1MSP
[2018-09-16 18:37:37.863] [DEBUG] FabricConfiguration - Msp ID : Org2MSP
[2018-09-16 18:37:37.865] [DEBUG] FabricConfiguration - Msp ID : Org2MSP
[2018-09-16 18:37:37.942] [INFO] main - Please set logger.setLevel to DEBUG in ./app/helper.js to log the debugging.
[2018-09-16 18:37:37.942] [INFO] main - Please set logger.setLevel to DEBUG in ./app/helper.js to log the debugging.
[2018-09-16 18:37:37.950] [DEBUG] Query - <<< Instantiated Chaincodes >>>
[2018-09-16 18:37:37.950] [DEBUG] Query - name: mycc, version: v0, path: /home/rashid/Documents/hyperledger/fabric-samples/balance-transfer/artifacts/src/github.com/example_cc/node
[2018-09-16 18:37:37.977] [DEBUG] Query - ===========================================
[2018-09-16 18:37:37.977] [DEBUG] Query - ByteBuffer {
  buffer: <Buffer 08 03 12 20 ec be 12 e4 9a 79 2f 8a 4b 7e 9b 3c b7 72 78 27 42 88 b4 df a8 4d c8 72 08 15 a4 55 5d 3d 06 cf 1a 20 0a 65 f3 5f 2c d6 39 de 68 06 d1 99 ... >,
  offset: 4,
  markedOffset: -1,
  limit: 36,
  littleEndian: true,
  noAssert: false }
[2018-09-16 18:37:37.978] [DEBUG] Query - ===========================================
[2018-09-16 18:37:37.982] [DEBUG] Query - ===========================================
[2018-09-16 18:37:37.982] [DEBUG] Query - ByteBuffer {
  buffer: <Buffer 08 03 12 20 ec be 12 e4 9a 79 2f 8a 4b 7e 9b 3c b7 72 78 27 42 88 b4 df a8 4d c8 72 08 15 a4 55 5d 3d 06 cf 1a 20 0a 65 f3 5f 2c d6 39 de 68 06 d1 99 ... >,
  offset: 4,
  markedOffset: -1,
  limit: 36,
  littleEndian: true,
  noAssert: false }
[2018-09-16 18:37:37.982] [DEBUG] Query - ===========================================
[2018-09-16 18:37:40.426] [DEBUG] platform - GetStatus All! [ { status: 'DOWN', server_hostname: 'peer0.org1.example.com' },
  { status: 'DOWN', server_hostname: 'peer1.org1.example.com' },
  { status: 'DOWN', server_hostname: 'peer0.org2.example.com' },
  { status: 'DOWN', server_hostname: 'peer1.org2.example.com' } ]
[2018-09-16 18:38:50.116] [DEBUG] platform - GetStatus All! [ { status: 'DOWN', server_hostname: 'peer0.org1.example.com' },
  { status: 'DOWN', server_hostname: 'peer1.org1.example.com' },
  { status: 'DOWN', server_hostname: 'peer0.org2.example.com' },
  { status: 'DOWN', server_hostname: 'peer1.org2.example.com' } ]
[2018-09-16 18:51:34.807] [DEBUG] platform - GetStatus All! [ { status: 'DOWN', server_hostname: 'peer0.org1.example.com' },
  { status: 'DOWN', server_hostname: 'peer1.org1.example.com' },
  { status: 'DOWN', server_hostname: 'peer0.org2.example.com' },
  { status: 'DOWN', server_hostname: 'peer1.org2.example.com' } ]
[2018-09-16 18:59:18.012] [DEBUG] platform - GetStatus All! [ { status: 'DOWN', server_hostname: 'peer0.org1.example.com' },
  { status: 'DOWN', server_hostname: 'peer1.org1.example.com' },
  { status: 'DOWN', server_hostname: 'peer0.org2.example.com' },
  { status: 'DOWN', server_hostname: 'peer1.org2.example.com' } ]
[2018-09-16 19:01:33.675] [DEBUG] platform - GetStatus All! [ { status: 'DOWN', server_hostname: 'peer0.org1.example.com' },
  { status: 'DOWN', server_hostname: 'peer1.org1.example.com' },
  { status: 'DOWN', server_hostname: 'peer0.org2.example.com' },
  { status: 'DOWN', server_hostname: 'peer1.org2.example.com' } ]
[2018-09-16 19:03:39.162] [DEBUG] platform - GetStatus All! [ { status: 'DOWN', server_hostname: 'peer0.org1.example.com' },
  { status: 'DOWN', server_hostname: 'peer1.org1.example.com' },
  { status: 'DOWN', server_hostname: 'peer0.org2.example.com' },
  { status: 'DOWN', server_hostname: 'peer1.org2.example.com' } ]
[2018-09-16 19:21:49.480] [DEBUG] FabricConfiguration - Msp ID : Org1MSP
[2018-09-16 19:21:49.490] [DEBUG] FabricConfiguration - Msp ID : Org1MSP
[2018-09-16 19:21:49.573] [DEBUG] FabricConfiguration - Msp ID : Org2MSP
[2018-09-16 19:21:49.575] [DEBUG] FabricConfiguration - Msp ID : Org2MSP
[2018-09-16 19:21:49.662] [INFO] main - Please set logger.setLevel to DEBUG in ./app/helper.js to log the debugging.
[2018-09-16 19:21:49.662] [INFO] main - Please set logger.setLevel to DEBUG in ./app/helper.js to log the debugging.
[2018-09-16 19:21:49.702] [DEBUG] Query - <<< Instantiated Chaincodes >>>
[2018-09-16 19:21:49.702] [DEBUG] Query - name: mycc, version: v0, path: /home/rashid/Documents/hyperledger/fabric-samples/balance-transfer/artifacts/src/github.com/example_cc/node
[2018-09-16 19:21:49.707] [DEBUG] Query - ===========================================
[2018-09-16 19:21:49.707] [DEBUG] Query - ByteBuffer {
  buffer: <Buffer 08 05 12 20 51 5b 24 46 1a 4f 49 03 e4 f0 36 06 bf d3 e3 ba 76 6f cf 8f 42 80 a8 e8 d2 4f 6e fd bd d3 d6 24 1a 20 13 cc 8f 4d 01 95 1d 1a 60 d9 e3 06 ... >,
  offset: 4,
  markedOffset: -1,
  limit: 36,
  littleEndian: true,
  noAssert: false }
[2018-09-16 19:21:49.709] [DEBUG] Query - ===========================================
[2018-09-16 19:21:49.713] [DEBUG] Query - ===========================================
[2018-09-16 19:21:49.713] [DEBUG] Query - ByteBuffer {
  buffer: <Buffer 08 05 12 20 51 5b 24 46 1a 4f 49 03 e4 f0 36 06 bf d3 e3 ba 76 6f cf 8f 42 80 a8 e8 d2 4f 6e fd bd d3 d6 24 1a 20 13 cc 8f 4d 01 95 1d 1a 60 d9 e3 06 ... >,
  offset: 4,
  markedOffset: -1,
  limit: 36,
  littleEndian: true,
  noAssert: false }
[2018-09-16 19:21:49.713] [DEBUG] Query - ===========================================
[2018-09-16 19:21:54.441] [DEBUG] platform - GetStatus All! [ { status: 'DOWN', server_hostname: 'peer0.org1.example.com' },
  { status: 'DOWN', server_hostname: 'peer1.org1.example.com' },
  { status: 'DOWN', server_hostname: 'peer0.org2.example.com' },
  { status: 'DOWN', server_hostname: 'peer1.org2.example.com' } ]
[2018-09-16 19:23:07.341] [DEBUG] platform - GetStatus All! [ { status: 'DOWN', server_hostname: 'peer0.org1.example.com' },
  { status: 'DOWN', server_hostname: 'peer1.org1.example.com' },
  { status: 'DOWN', server_hostname: 'peer0.org2.example.com' },
  { status: 'DOWN', server_hostname: 'peer1.org2.example.com' } ]
[2018-09-16 19:34:32.851] [DEBUG] platform - GetStatus All! [ { status: 'DOWN', server_hostname: 'peer0.org1.example.com' },
  { status: 'DOWN', server_hostname: 'peer1.org1.example.com' },
  { status: 'DOWN', server_hostname: 'peer0.org2.example.com' },
  { status: 'DOWN', server_hostname: 'peer1.org2.example.com' } ]
[2018-09-16 19:36:27.845] [DEBUG] platform - GetStatus All! [ { status: 'DOWN', server_hostname: 'peer0.org1.example.com' },
  { status: 'DOWN', server_hostname: 'peer1.org1.example.com' },
  { status: 'DOWN', server_hostname: 'peer0.org2.example.com' },
  { status: 'DOWN', server_hostname: 'peer1.org2.example.com' } ]
